& \multicolumn{12}{c|}{\textbf{Maximum Cover}} \\ \hline

\multicolumn{1}{|c||}{Facebook}& 0.9849& 0.95& \multicolumn{1}{c||}{\textbf{0.9357}}& 0.9270& 0.0700& \multicolumn{1}{c||}{0.0649}& 1.0000& 0.3840& \multicolumn{1}{c||}{0.3840}& 0.9660& 0.0700& \multicolumn{1}{c|}{0.0676}\\
\multicolumn{1}{|c||}{Wiki}& 0.9969& 0.9607& \multicolumn{1}{c||}{\textbf{0.9577}}& 0.9900& 0.0300& \multicolumn{1}{c||}{0.0297}& 1.0000& 0.4528& \multicolumn{1}{c||}{0.4528}& 1.0940& 0.3400& \multicolumn{1}{c|}{0.3720}\\
\multicolumn{1}{|c||}{Deezer}& 0.9972& 0.9953& \multicolumn{1}{c||}{\textbf{0.9925}}& 0.9940& 0.1300& \multicolumn{1}{c||}{0.1292}& 1.0000& 0.7278& \multicolumn{1}{c||}{0.7278}& 0.9790& 0.7500& \multicolumn{1}{c|}{0.7343}\\
\multicolumn{1}{|c||}{Slashdot}& 0.99& 0.997& \multicolumn{1}{c||}{\textbf{0.9871}}& 1.0000& 0.0200& \multicolumn{1}{c||}{0.0200}& 1.0000& 0.9844& \multicolumn{1}{c||}{0.9844}& 0.9790& 0.6900& \multicolumn{1}{c|}{0.6755}\\
\multicolumn{1}{|c||}{Twitter}& 0.9717& 0.9969& \multicolumn{1}{c||}{\textbf{0.9687}}& 0.9970& 0.1700& \multicolumn{1}{c||}{0.1695}& 1.0000& 0.5654& \multicolumn{1}{c||}{0.5654}& 0.9890& 0.3300& \multicolumn{1}{c|}{0.3264}\\
\multicolumn{1}{|c||}{DBLP}& 0.9694& 0.9994& \multicolumn{1}{c||}{\textbf{0.9688}}& 0.9990& 0.0300& \multicolumn{1}{c||}{0.0300}& 1.0000& 0.1818& \multicolumn{1}{c||}{0.1818}& 0.9900& 0.9000& \multicolumn{1}{c|}{0.8910}\\
\multicolumn{1}{|c||}{YouTube}& 0.9966& 0.9998& \multicolumn{1}{c||}{\textbf{0.9965}}& 0.9980& 0.0700& \multicolumn{1}{c||}{0.0699}& 1.0000& 0.9572& \multicolumn{1}{c||}{0.9572}& 0.9820& 0.7900& \multicolumn{1}{c|}{0.7758}\\
\multicolumn{1}{|c||}{Skitter}& 0.9591& 0.9999& \multicolumn{1}{c||}{\textbf{0.959}}& 0.9990& 0.1000& \multicolumn{1}{c||}{0.0999}& --& --& \multicolumn{1}{c||}{--}& 0.9760& 0.7000& \multicolumn{1}{c|}{0.6832}\\
\hline
& \multicolumn{12}{c|}{\textbf{Maximum Cut}} \\ \hline

\multicolumn{1}{|c||}{Facebook}& 0.9766& 0.9& \multicolumn{1}{c||}{\textbf{0.8789}}& 0.8130& 0.9500& \multicolumn{1}{c||}{0.7723}& 1.0000& 0.1538& \multicolumn{1}{c||}{0.1538}& 1.0000& 0.0700& \multicolumn{1}{c|}{0.0700}\\
\multicolumn{1}{|c||}{Wiki}& 0.9977& 0.9685& \multicolumn{1}{c||}{\textbf{0.9663}}& 0.9200& 0.9600& \multicolumn{1}{c||}{0.8832}& 1.0000& 0.7011& \multicolumn{1}{c||}{0.7011}& 0.9810& 0.3900& \multicolumn{1}{c|}{0.3826}\\
\multicolumn{1}{|c||}{Deezer}& 0.9979& 0.9953& \multicolumn{1}{c||}{\textbf{0.9932}}& 0.8500& 0.9900& \multicolumn{1}{c||}{0.8415}& 1.0000& 0.3754& \multicolumn{1}{c||}{0.3754}& 0.9750& 0.7400& \multicolumn{1}{c|}{0.7215}\\
\multicolumn{1}{|c||}{Slashdot}& 0.9999& 0.997& \multicolumn{1}{c||}{\textbf{0.997}}& 0.6320& 0.9900& \multicolumn{1}{c||}{0.6257}& 0.7935& 0.9929& \multicolumn{1}{c||}{0.7879}& 0.9900& 0.6200& \multicolumn{1}{c|}{0.6138}\\
\multicolumn{1}{|c||}{Twitter}& 0.9739& 0.9969& \multicolumn{1}{c||}{\textbf{0.9708}}& 0.6280& 0.9900& \multicolumn{1}{c||}{0.6217}& 1.0000& 0.5542& \multicolumn{1}{c||}{0.5542}& 0.9870& 0.4800& \multicolumn{1}{c|}{0.4738}\\
\multicolumn{1}{|c||}{DBLP}& 0.9642& 0.999& \multicolumn{1}{c||}{\textbf{0.9633}}& 0.6460& 0.9900& \multicolumn{1}{c||}{0.6395}& 1.0000& 0.1825& \multicolumn{1}{c||}{0.1825}& 0.9930& 0.9200& \multicolumn{1}{c|}{0.9136}\\
\multicolumn{1}{|c||}{YouTube}& 0.9813& 0.9997& \multicolumn{1}{c||}{\textbf{0.9811}}& 0.5360& 0.9900& \multicolumn{1}{c||}{0.5306}& 0.9990& 0.9705& \multicolumn{1}{c||}{0.9695}& 0.9870& 0.7900& \multicolumn{1}{c|}{0.7797}\\
\multicolumn{1}{|c||}{Skitter}& 0.6707& 0.9999& \multicolumn{1}{c||}{0.6706}& 0.4270& 0.9900& \multicolumn{1}{c||}{0.4227}& --& --& \multicolumn{1}{c||}{--}& 0.9740& 0.7100& \multicolumn{1}{c|}{\textbf{0.6915}}\\
\hline
& \multicolumn{12}{c|}{\textbf{Influence Maximization}} \\ \hline

\multicolumn{1}{|c||}{Facebook}& 0.9381& 0.9125& \multicolumn{1}{c||}{\textbf{0.8561}}& 0.9510& 0.7300& \multicolumn{1}{c||}{0.6942}& 1.0039& 0.3248& \multicolumn{1}{c||}{0.3261}& 0.9790& 0.0900& \multicolumn{1}{c|}{0.0881}\\
\multicolumn{1}{|c||}{Wiki}& 0.9647& 0.9685& \multicolumn{1}{c||}{\textbf{0.9344}}& 0.9690& 0.9000& \multicolumn{1}{c||}{0.8721}& 0.9969& 0.6066& \multicolumn{1}{c||}{0.6047}& 0.9600& 0.5100& \multicolumn{1}{c|}{0.4896}\\
\multicolumn{1}{|c||}{Deezer}& 0.9713& 0.9963& \multicolumn{1}{c||}{\textbf{0.9677}}& 0.8050& 0.5500& \multicolumn{1}{c||}{0.4428}& 0.9837& 0.1093& \multicolumn{1}{c||}{0.1075}& 0.9720& 0.7600& \multicolumn{1}{c|}{0.7387}\\
\multicolumn{1}{|c||}{Slashdot}& 0.9966& 0.9963& \multicolumn{1}{c||}{0.993}& 0.9660& 0.9800& \multicolumn{1}{c||}{0.9467}& 1.0076& 0.9875& \multicolumn{1}{c||}{\textbf{0.9950}}& 0.9660& 0.7700& \multicolumn{1}{c|}{0.7438}\\
\multicolumn{1}{|c||}{Twitter}& 0.916& 0.9975& \multicolumn{1}{c||}{\textbf{0.9138}}& 0.9200& 0.9800& \multicolumn{1}{c||}{0.9016}& 0.9972& 0.4947& \multicolumn{1}{c||}{0.4933}& 0.9660& 0.4000& \multicolumn{1}{c|}{0.3864}\\
\multicolumn{1}{|c||}{DBLP}& 0.8522& 0.999& \multicolumn{1}{c||}{0.8514}& 0.8630& 0.9900& \multicolumn{1}{c||}{0.8544}& 0.9873& 0.0194& \multicolumn{1}{c||}{0.0192}& 0.9690& 0.8900& \multicolumn{1}{c|}{\textbf{0.8624}}\\
\multicolumn{1}{|c||}{YouTube}& 0.9357& 0.9999& \multicolumn{1}{c||}{0.9355}& 0.9330& 0.9900& \multicolumn{1}{c||}{0.9237}& 0.9992& 0.9705& \multicolumn{1}{c||}{\textbf{0.9697}}& 0.9710& 0.7500& \multicolumn{1}{c|}{0.7282}\\
\multicolumn{1}{|c||}{Skitter}& 0.9623& 0.9999& \multicolumn{1}{c||}{\textbf{0.9622}}& 0.8830& 0.9900& \multicolumn{1}{c||}{0.8742}& --& --& \multicolumn{1}{c||}{--}& 0.9830& 0.7800& \multicolumn{1}{c|}{0.7667}\\
\hline
